{"C:\\Users\\Cheta\\movie-catalog\\server\\models\\movie.ts": {"path":"C:\\Users\\Cheta\\movie-catalog\\server\\models\\movie.ts","statementMap":{"0":{"start":{"line":1,"column":0},"end":{"line":1,"column":32}},"1":{"start":{"line":10,"column":20},"end":{"line":15,"column":2}},"2":{"start":{"line":17,"column":14},"end":{"line":17,"column":49}},"3":{"start":{"line":18,"column":0},"end":{"line":18,"column":21}}},"fnMap":{},"branchMap":{},"s":{"0":1,"1":1,"2":1,"3":1},"f":{},"b":{}}
,"C:\\Users\\Cheta\\movie-catalog\\server\\tests\\db.ts": {"path":"C:\\Users\\Cheta\\movie-catalog\\server\\tests\\db.ts","statementMap":{"0":{"start":{"line":1,"column":0},"end":{"line":1,"column":32}},"1":{"start":{"line":3,"column":23},"end":{"line":14,"column":null}},"2":{"start":{"line":3,"column":34},"end":{"line":14,"column":null}},"3":{"start":{"line":4,"column":3},"end":{"line":13,"column":null}},"4":{"start":{"line":5,"column":20},"end":{"line":5,"column":117}},"5":{"start":{"line":6,"column":21},"end":{"line":6,"column":27}},"6":{"start":{"line":7,"column":6},"end":{"line":10,"column":9}},"7":{"start":{"line":12,"column":6},"end":{"line":12,"column":38}},"8":{"start":{"line":3,"column":13},"end":{"line":3,"column":23}},"9":{"start":{"line":15,"column":29},"end":{"line":21,"column":null}},"10":{"start":{"line":15,"column":40},"end":{"line":21,"column":null}},"11":{"start":{"line":16,"column":3},"end":{"line":20,"column":null}},"12":{"start":{"line":17,"column":6},"end":{"line":17,"column":40}},"13":{"start":{"line":19,"column":6},"end":{"line":19,"column":41}},"14":{"start":{"line":15,"column":13},"end":{"line":15,"column":29}}},"fnMap":{"0":{"name":"(anonymous_8)","decl":{"start":{"line":3,"column":23},"end":{"line":3,"column":32}},"loc":{"start":{"line":3,"column":34},"end":{"line":14,"column":null}}},"1":{"name":"(anonymous_9)","decl":{"start":{"line":3,"column":34},"end":{"line":3,"column":null}},"loc":{"start":{"line":3,"column":34},"end":{"line":14,"column":1}}},"2":{"name":"(anonymous_10)","decl":{"start":{"line":15,"column":29},"end":{"line":15,"column":38}},"loc":{"start":{"line":15,"column":40},"end":{"line":21,"column":null}}},"3":{"name":"(anonymous_11)","decl":{"start":{"line":15,"column":40},"end":{"line":15,"column":null}},"loc":{"start":{"line":15,"column":40},"end":{"line":21,"column":1}}}},"branchMap":{},"s":{"0":1,"1":1,"2":1,"3":1,"4":1,"5":1,"6":1,"7":0,"8":1,"9":1,"10":1,"11":1,"12":1,"13":0,"14":1},"f":{"0":1,"1":1,"2":1,"3":1},"b":{}}
}
